<?xml version="1.0" encoding="UTF-8"?>
<!-- Generated by org.testng.reporters.JUnitXMLReporter -->
<testsuite hostname="5c4418bab43b" name="Test_PDPOnly:No.FastInfoset:Yes.JSON:No.AutoSync:No.VersionRolling:No.DoSMitigation:Yes" tests="74" failures="0" timestamp="20 Oct 2020 10:05:03 GMT" time="16.54" errors="0">
  <testcase name="getWADL" time="0.021" classname="org.ow2.authzforce.webapp.test.RootResourcesTest"/>
  <testcase name="getDomainsWithoutAcceptHeader" time="0.024" classname="org.ow2.authzforce.webapp.test.RootResourcesTest"/>
  <testcase name="getDomainsWithBadAcceptHeader" time="0.0" classname="org.ow2.authzforce.webapp.test.RootResourcesTest"/>
  <testcase name="addAndGetDomain" time="0.057" classname="org.ow2.authzforce.webapp.test.RootResourcesTest"/>
  <testcase name="addAndGetDomain" time="0.02" classname="org.ow2.authzforce.webapp.test.RootResourcesTest"/>
  <testcase name="addAndGetDomain" time="0.023" classname="org.ow2.authzforce.webapp.test.RootResourcesTest"/>
  <testcase name="addDomainWithTooBigDescription" time="0.0" classname="org.ow2.authzforce.webapp.test.RootResourcesTest">
    <skipped/>
  </testcase> <!-- addDomainWithTooBigDescription -->
  <testcase name="addDomainWithTooBigExternalId" time="0.0" classname="org.ow2.authzforce.webapp.test.RootResourcesTest">
    <skipped/>
  </testcase> <!-- addDomainWithTooBigExternalId -->
  <testcase name="getDomains" time="0.015" classname="org.ow2.authzforce.webapp.test.RootResourcesTest"/>
  <testcase name="getDomain" time="0.014" classname="org.ow2.authzforce.webapp.test.RootResourcesTest"/>
  <testcase name="getDomainByExternalId" time="0.013" classname="org.ow2.authzforce.webapp.test.RootResourcesTest"/>
  <testcase name="deleteDomain" time="0.01" classname="org.ow2.authzforce.webapp.test.RootResourcesTest"/>
  <testcase name="getDomainsAfterFileModifications" time="0.042" classname="org.ow2.authzforce.webapp.test.RootResourcesTest"/>
  <testcase name="deleteDomainAfterDirectoryDeleted" time="0.012" classname="org.ow2.authzforce.webapp.test.RootResourcesTest"/>
  <testcase name="getPdpAfterDomainDirCreated" time="0.033" classname="org.ow2.authzforce.webapp.test.RootResourcesTest"/>
  <testcase name="getDomain" time="0.016" classname="org.ow2.authzforce.webapp.test.DomainResourceTestWithoutAutoSyncOrVersionRolling"/>
  <testcase name="getDomainProperties" time="0.006" classname="org.ow2.authzforce.webapp.test.DomainResourceTestWithoutAutoSyncOrVersionRolling"/>
  <testcase name="requestPDPDumb" time="0.008" classname="org.ow2.authzforce.webapp.test.DomainResourceTestWithoutAutoSyncOrVersionRolling"/>
  <testcase name="getDomainPropertiesAfterFileModification" time="1.029" classname="org.ow2.authzforce.webapp.test.DomainResourceTestWithoutAutoSyncOrVersionRolling"/>
  <testcase name="getPap" time="0.004" classname="org.ow2.authzforce.webapp.test.DomainResourceTestWithoutAutoSyncOrVersionRolling"/>
  <testcase name="headDomainPropertiesAfterFileModification" time="1.025" classname="org.ow2.authzforce.webapp.test.DomainResourceTestWithoutAutoSyncOrVersionRolling"/>
  <testcase name="requestXacmlJsonPDPDumb" time="0.001" classname="org.ow2.authzforce.webapp.test.DomainResourceTestWithoutAutoSyncOrVersionRolling"/>
  <testcase name="updateDomainProperties" time="0.026" classname="org.ow2.authzforce.webapp.test.DomainResourceTestWithoutAutoSyncOrVersionRolling"/>
  <testcase name="getAttributeProviders" time="0.011" classname="org.ow2.authzforce.webapp.test.DomainResourceTestWithoutAutoSyncOrVersionRolling"/>
  <testcase name="getPolicies" time="0.006" classname="org.ow2.authzforce.webapp.test.DomainResourceTestWithoutAutoSyncOrVersionRolling"/>
  <testcase name="getRootPolicy" time="0.022" classname="org.ow2.authzforce.webapp.test.DomainResourceTestWithoutAutoSyncOrVersionRolling"/>
  <testcase name="updateAttributeProviders" time="0.026" classname="org.ow2.authzforce.webapp.test.DomainResourceTestWithoutAutoSyncOrVersionRolling"/>
  <testcase name="addAndGetPolicy" time="0.089" classname="org.ow2.authzforce.webapp.test.DomainResourceTestWithoutAutoSyncOrVersionRolling"/>
  <testcase name="addConflictingPolicyVersion" time="0.028" classname="org.ow2.authzforce.webapp.test.DomainResourceTestWithoutAutoSyncOrVersionRolling"/>
  <testcase name="addInvalidPolicyType" time="0.224" classname="org.ow2.authzforce.webapp.test.DomainResourceTestWithoutAutoSyncOrVersionRolling"/>
  <testcase name="addInvalidPolicyVersion" time="0.163" classname="org.ow2.authzforce.webapp.test.DomainResourceTestWithoutAutoSyncOrVersionRolling"/>
  <testcase name="addPolicyTooDeep" time="0.034" classname="org.ow2.authzforce.webapp.test.DomainResourceTestWithoutAutoSyncOrVersionRolling"/>
  <testcase name="addPolicyWithTooManyChildElements" time="0.036" classname="org.ow2.authzforce.webapp.test.DomainResourceTestWithoutAutoSyncOrVersionRolling"/>
  <testcase name="addTooManyPolicies" time="0.166" classname="org.ow2.authzforce.webapp.test.DomainResourceTestWithoutAutoSyncOrVersionRolling"/>
  <testcase name="deleteAndTryGetUnusedPolicy" time="0.158" classname="org.ow2.authzforce.webapp.test.DomainResourceTestWithoutAutoSyncOrVersionRolling"/>
  <testcase name="disablePolicyVersionRolling" time="0.032" classname="org.ow2.authzforce.webapp.test.DomainResourceTestWithoutAutoSyncOrVersionRolling"/>
  <testcase name="getPolicyVersions" time="0.204" classname="org.ow2.authzforce.webapp.test.DomainResourceTestWithoutAutoSyncOrVersionRolling"/>
  <testcase name="setValidMaxPolicyCount" time="0.125" classname="org.ow2.authzforce.webapp.test.DomainResourceTestWithoutAutoSyncOrVersionRolling"/>
  <testcase name="addTooManyPolicyVersions" time="0.224" classname="org.ow2.authzforce.webapp.test.DomainResourceTestWithoutAutoSyncOrVersionRolling"/>
  <testcase name="deleteAndTryGetPolicyVersion" time="0.075" classname="org.ow2.authzforce.webapp.test.DomainResourceTestWithoutAutoSyncOrVersionRolling"/>
  <testcase name="deleteRootPolicy" time="0.018" classname="org.ow2.authzforce.webapp.test.DomainResourceTestWithoutAutoSyncOrVersionRolling"/>
  <testcase name="getAndDeleteLatestPolicyVersion" time="0.054" classname="org.ow2.authzforce.webapp.test.DomainResourceTestWithoutAutoSyncOrVersionRolling"/>
  <testcase name="setTooSmallMaxPolicyCount" time="0.081" classname="org.ow2.authzforce.webapp.test.DomainResourceTestWithoutAutoSyncOrVersionRolling"/>
  <testcase name="setValidMaxPolicyVersionCount" time="0.055" classname="org.ow2.authzforce.webapp.test.DomainResourceTestWithoutAutoSyncOrVersionRolling"/>
  <testcase name="deleteSingleVersionOfPolicy" time="0.037" classname="org.ow2.authzforce.webapp.test.DomainResourceTestWithoutAutoSyncOrVersionRolling"/>
  <testcase name="setTooSmallMaxPolicyVersionCount" time="0.098" classname="org.ow2.authzforce.webapp.test.DomainResourceTestWithoutAutoSyncOrVersionRolling"/>
  <testcase name="updateRootPolicyRefToValidPolicy" time="0.092" classname="org.ow2.authzforce.webapp.test.DomainResourceTestWithoutAutoSyncOrVersionRolling"/>
  <testcase name="setRootPolicyWithGoodRefs" time="0.085" classname="org.ow2.authzforce.webapp.test.DomainResourceTestWithoutAutoSyncOrVersionRolling"/>
  <testcase name="updateRootPolicyRefToMissingPolicy" time="0.015" classname="org.ow2.authzforce.webapp.test.DomainResourceTestWithoutAutoSyncOrVersionRolling"/>
  <testcase name="updateRootPolicyRefToValidVersion" time="0.095" classname="org.ow2.authzforce.webapp.test.DomainResourceTestWithoutAutoSyncOrVersionRolling"/>
  <testcase name="enableMDPRequestPreproc" time="0.024" classname="org.ow2.authzforce.webapp.test.DomainResourceTestWithoutAutoSyncOrVersionRolling"/>
  <testcase name="enableMDPResultPostproc" time="0.02" classname="org.ow2.authzforce.webapp.test.DomainResourceTestWithoutAutoSyncOrVersionRolling"/>
  <testcase name="enableThenDisableCustomCombiningAlgorithm" time="0.034" classname="org.ow2.authzforce.webapp.test.DomainResourceTestWithoutAutoSyncOrVersionRolling"/>
  <testcase name="enableThenDisableCustomDatatype" time="0.034" classname="org.ow2.authzforce.webapp.test.DomainResourceTestWithoutAutoSyncOrVersionRolling"/>
  <testcase name="enableThenDisableCustomFunction" time="0.037" classname="org.ow2.authzforce.webapp.test.DomainResourceTestWithoutAutoSyncOrVersionRolling"/>
  <testcase name="enableThenDisableStrictAttributeIssuerMatch" time="0.055" classname="org.ow2.authzforce.webapp.test.DomainResourceTestWithoutAutoSyncOrVersionRolling"/>
  <testcase name="enableThenDisableXPath" time="0.05" classname="org.ow2.authzforce.webapp.test.DomainResourceTestWithoutAutoSyncOrVersionRolling"/>
  <testcase name="getPdpPropertiesAfterModifyingUsedPolicyDirectory" time="2.191" classname="org.ow2.authzforce.webapp.test.DomainResourceTestWithoutAutoSyncOrVersionRolling"/>
  <testcase name="getPoliciesAfterModifyingUsedPolicyDirectory" time="2.336" classname="org.ow2.authzforce.webapp.test.DomainResourceTestWithoutAutoSyncOrVersionRolling"/>
  <testcase name="getRootPolicyRefAfterChangingPdpConfFile" time="1.092" classname="org.ow2.authzforce.webapp.test.DomainResourceTestWithoutAutoSyncOrVersionRolling"/>
  <testcase name="headRootPolicyRefAfterChangingPdpConfFile" time="1.074" classname="org.ow2.authzforce.webapp.test.DomainResourceTestWithoutAutoSyncOrVersionRolling"/>
  <testcase name="requestPDPWithoutMDP" time="0.06" classname="org.ow2.authzforce.webapp.test.DomainResourceTestWithoutAutoSyncOrVersionRolling"/>
  <testcase name="requestPDPWithoutMDP" time="0.103" classname="org.ow2.authzforce.webapp.test.DomainResourceTestWithoutAutoSyncOrVersionRolling"/>
  <testcase name="requestPDPWithoutMDP" time="0.063" classname="org.ow2.authzforce.webapp.test.DomainResourceTestWithoutAutoSyncOrVersionRolling"/>
  <testcase name="requestPDPWithoutMDP" time="0.076" classname="org.ow2.authzforce.webapp.test.DomainResourceTestWithoutAutoSyncOrVersionRolling"/>
  <testcase name="setRootPolicyWithCircularRef" time="0.121" classname="org.ow2.authzforce.webapp.test.DomainResourceTestWithoutAutoSyncOrVersionRolling"/>
  <testcase name="setRootPolicyWithRefToMissingPolicy" time="0.07" classname="org.ow2.authzforce.webapp.test.DomainResourceTestWithoutAutoSyncOrVersionRolling"/>
  <testcase name="updateRootPolicyRefToMissingVersion" time="0.02" classname="org.ow2.authzforce.webapp.test.DomainResourceTestWithoutAutoSyncOrVersionRolling"/>
  <testcase name="disableMDPRequestPreproc" time="0.027" classname="org.ow2.authzforce.webapp.test.DomainResourceTestWithoutAutoSyncOrVersionRolling"/>
  <testcase name="disableMDPResultPostproc" time="0.022" classname="org.ow2.authzforce.webapp.test.DomainResourceTestWithoutAutoSyncOrVersionRolling"/>
  <testcase name="headPdpPropertiesAfterModifyingUsedPolicyDirectory" time="2.151" classname="org.ow2.authzforce.webapp.test.DomainResourceTestWithoutAutoSyncOrVersionRolling"/>
  <testcase name="requestPDPWithMDP" time="0.053" classname="org.ow2.authzforce.webapp.test.DomainResourceTestWithoutAutoSyncOrVersionRolling"/>
  <testcase name="setRootPolicyWithBadFunctionId" time="0.032" classname="org.ow2.authzforce.webapp.test.DomainResourceTestWithoutAutoSyncOrVersionRolling"/>
  <testcase name="setRootPolicyWithTooDeepPolicyRef" time="1.113" classname="org.ow2.authzforce.webapp.test.DomainResourceTestWithoutAutoSyncOrVersionRolling"/>
</testsuite> <!-- Test_PDPOnly:No.FastInfoset:Yes.JSON:No.AutoSync:No.VersionRolling:No.DoSMitigation:Yes -->
