<?xml version="1.0" encoding="UTF-8"?>
<!-- Generated by org.testng.reporters.JUnitXMLReporter -->
<testsuite hostname="5c4418bab43b" name="Test_PDPOnly:No.FastInfoset:Yes.JSON:No.AutoSync:No.VersionRolling:No.DoSMitigation:No" tests="57" failures="0" timestamp="20 Oct 2020 10:05:19 GMT" time="15.968" errors="0">
  <testcase name="getDomain" time="0.035" classname="org.ow2.authzforce.webapp.test.DomainResourceTestWithoutAutoSyncOrVersionRolling"/>
  <testcase name="getDomainProperties" time="0.024" classname="org.ow2.authzforce.webapp.test.DomainResourceTestWithoutAutoSyncOrVersionRolling"/>
  <testcase name="requestPDPDumb" time="0.032" classname="org.ow2.authzforce.webapp.test.DomainResourceTestWithoutAutoSyncOrVersionRolling"/>
  <testcase name="getDomainPropertiesAfterFileModification" time="1.069" classname="org.ow2.authzforce.webapp.test.DomainResourceTestWithoutAutoSyncOrVersionRolling"/>
  <testcase name="getPap" time="0.014" classname="org.ow2.authzforce.webapp.test.DomainResourceTestWithoutAutoSyncOrVersionRolling"/>
  <testcase name="headDomainPropertiesAfterFileModification" time="1.051" classname="org.ow2.authzforce.webapp.test.DomainResourceTestWithoutAutoSyncOrVersionRolling"/>
  <testcase name="requestXacmlJsonPDPDumb" time="0.0" classname="org.ow2.authzforce.webapp.test.DomainResourceTestWithoutAutoSyncOrVersionRolling"/>
  <testcase name="updateDomainProperties" time="0.011" classname="org.ow2.authzforce.webapp.test.DomainResourceTestWithoutAutoSyncOrVersionRolling"/>
  <testcase name="getAttributeProviders" time="0.004" classname="org.ow2.authzforce.webapp.test.DomainResourceTestWithoutAutoSyncOrVersionRolling"/>
  <testcase name="getPolicies" time="0.002" classname="org.ow2.authzforce.webapp.test.DomainResourceTestWithoutAutoSyncOrVersionRolling"/>
  <testcase name="getRootPolicy" time="0.006" classname="org.ow2.authzforce.webapp.test.DomainResourceTestWithoutAutoSyncOrVersionRolling"/>
  <testcase name="updateAttributeProviders" time="0.013" classname="org.ow2.authzforce.webapp.test.DomainResourceTestWithoutAutoSyncOrVersionRolling"/>
  <testcase name="addAndGetPolicy" time="0.046" classname="org.ow2.authzforce.webapp.test.DomainResourceTestWithoutAutoSyncOrVersionRolling"/>
  <testcase name="addConflictingPolicyVersion" time="0.023" classname="org.ow2.authzforce.webapp.test.DomainResourceTestWithoutAutoSyncOrVersionRolling"/>
  <testcase name="addInvalidPolicyType" time="0.116" classname="org.ow2.authzforce.webapp.test.DomainResourceTestWithoutAutoSyncOrVersionRolling"/>
  <testcase name="addInvalidPolicyVersion" time="0.087" classname="org.ow2.authzforce.webapp.test.DomainResourceTestWithoutAutoSyncOrVersionRolling"/>
  <testcase name="addTooManyPolicies" time="0.094" classname="org.ow2.authzforce.webapp.test.DomainResourceTestWithoutAutoSyncOrVersionRolling"/>
  <testcase name="deleteAndTryGetUnusedPolicy" time="0.112" classname="org.ow2.authzforce.webapp.test.DomainResourceTestWithoutAutoSyncOrVersionRolling"/>
  <testcase name="disablePolicyVersionRolling" time="0.103" classname="org.ow2.authzforce.webapp.test.DomainResourceTestWithoutAutoSyncOrVersionRolling"/>
  <testcase name="getPolicyVersions" time="0.042" classname="org.ow2.authzforce.webapp.test.DomainResourceTestWithoutAutoSyncOrVersionRolling"/>
  <testcase name="setValidMaxPolicyCount" time="0.081" classname="org.ow2.authzforce.webapp.test.DomainResourceTestWithoutAutoSyncOrVersionRolling"/>
  <testcase name="addTooManyPolicyVersions" time="0.123" classname="org.ow2.authzforce.webapp.test.DomainResourceTestWithoutAutoSyncOrVersionRolling"/>
  <testcase name="deleteAndTryGetPolicyVersion" time="0.062" classname="org.ow2.authzforce.webapp.test.DomainResourceTestWithoutAutoSyncOrVersionRolling"/>
  <testcase name="deleteRootPolicy" time="0.023" classname="org.ow2.authzforce.webapp.test.DomainResourceTestWithoutAutoSyncOrVersionRolling"/>
  <testcase name="getAndDeleteLatestPolicyVersion" time="0.164" classname="org.ow2.authzforce.webapp.test.DomainResourceTestWithoutAutoSyncOrVersionRolling"/>
  <testcase name="setTooSmallMaxPolicyCount" time="0.174" classname="org.ow2.authzforce.webapp.test.DomainResourceTestWithoutAutoSyncOrVersionRolling"/>
  <testcase name="setValidMaxPolicyVersionCount" time="0.09" classname="org.ow2.authzforce.webapp.test.DomainResourceTestWithoutAutoSyncOrVersionRolling"/>
  <testcase name="deleteSingleVersionOfPolicy" time="0.035" classname="org.ow2.authzforce.webapp.test.DomainResourceTestWithoutAutoSyncOrVersionRolling"/>
  <testcase name="setTooSmallMaxPolicyVersionCount" time="0.161" classname="org.ow2.authzforce.webapp.test.DomainResourceTestWithoutAutoSyncOrVersionRolling"/>
  <testcase name="updateRootPolicyRefToValidPolicy" time="0.051" classname="org.ow2.authzforce.webapp.test.DomainResourceTestWithoutAutoSyncOrVersionRolling"/>
  <testcase name="setRootPolicyWithGoodRefs" time="0.157" classname="org.ow2.authzforce.webapp.test.DomainResourceTestWithoutAutoSyncOrVersionRolling"/>
  <testcase name="updateRootPolicyRefToMissingPolicy" time="0.028" classname="org.ow2.authzforce.webapp.test.DomainResourceTestWithoutAutoSyncOrVersionRolling"/>
  <testcase name="updateRootPolicyRefToValidVersion" time="0.152" classname="org.ow2.authzforce.webapp.test.DomainResourceTestWithoutAutoSyncOrVersionRolling"/>
  <testcase name="enableMDPRequestPreproc" time="0.054" classname="org.ow2.authzforce.webapp.test.DomainResourceTestWithoutAutoSyncOrVersionRolling"/>
  <testcase name="enableMDPResultPostproc" time="0.027" classname="org.ow2.authzforce.webapp.test.DomainResourceTestWithoutAutoSyncOrVersionRolling"/>
  <testcase name="enableThenDisableCustomCombiningAlgorithm" time="0.095" classname="org.ow2.authzforce.webapp.test.DomainResourceTestWithoutAutoSyncOrVersionRolling"/>
  <testcase name="enableThenDisableCustomDatatype" time="0.075" classname="org.ow2.authzforce.webapp.test.DomainResourceTestWithoutAutoSyncOrVersionRolling"/>
  <testcase name="enableThenDisableCustomFunction" time="0.089" classname="org.ow2.authzforce.webapp.test.DomainResourceTestWithoutAutoSyncOrVersionRolling"/>
  <testcase name="enableThenDisableStrictAttributeIssuerMatch" time="0.12" classname="org.ow2.authzforce.webapp.test.DomainResourceTestWithoutAutoSyncOrVersionRolling"/>
  <testcase name="enableThenDisableXPath" time="0.055" classname="org.ow2.authzforce.webapp.test.DomainResourceTestWithoutAutoSyncOrVersionRolling"/>
  <testcase name="getPdpPropertiesAfterModifyingUsedPolicyDirectory" time="2.215" classname="org.ow2.authzforce.webapp.test.DomainResourceTestWithoutAutoSyncOrVersionRolling"/>
  <testcase name="getPoliciesAfterModifyingUsedPolicyDirectory" time="2.199" classname="org.ow2.authzforce.webapp.test.DomainResourceTestWithoutAutoSyncOrVersionRolling"/>
  <testcase name="getRootPolicyRefAfterChangingPdpConfFile" time="1.115" classname="org.ow2.authzforce.webapp.test.DomainResourceTestWithoutAutoSyncOrVersionRolling"/>
  <testcase name="headRootPolicyRefAfterChangingPdpConfFile" time="1.048" classname="org.ow2.authzforce.webapp.test.DomainResourceTestWithoutAutoSyncOrVersionRolling"/>
  <testcase name="requestPDPWithoutMDP" time="0.066" classname="org.ow2.authzforce.webapp.test.DomainResourceTestWithoutAutoSyncOrVersionRolling"/>
  <testcase name="requestPDPWithoutMDP" time="0.089" classname="org.ow2.authzforce.webapp.test.DomainResourceTestWithoutAutoSyncOrVersionRolling"/>
  <testcase name="requestPDPWithoutMDP" time="0.063" classname="org.ow2.authzforce.webapp.test.DomainResourceTestWithoutAutoSyncOrVersionRolling"/>
  <testcase name="requestPDPWithoutMDP" time="0.089" classname="org.ow2.authzforce.webapp.test.DomainResourceTestWithoutAutoSyncOrVersionRolling"/>
  <testcase name="setRootPolicyWithCircularRef" time="0.11" classname="org.ow2.authzforce.webapp.test.DomainResourceTestWithoutAutoSyncOrVersionRolling"/>
  <testcase name="setRootPolicyWithRefToMissingPolicy" time="0.054" classname="org.ow2.authzforce.webapp.test.DomainResourceTestWithoutAutoSyncOrVersionRolling"/>
  <testcase name="updateRootPolicyRefToMissingVersion" time="0.013" classname="org.ow2.authzforce.webapp.test.DomainResourceTestWithoutAutoSyncOrVersionRolling"/>
  <testcase name="disableMDPRequestPreproc" time="0.021" classname="org.ow2.authzforce.webapp.test.DomainResourceTestWithoutAutoSyncOrVersionRolling"/>
  <testcase name="disableMDPResultPostproc" time="0.023" classname="org.ow2.authzforce.webapp.test.DomainResourceTestWithoutAutoSyncOrVersionRolling"/>
  <testcase name="headPdpPropertiesAfterModifyingUsedPolicyDirectory" time="2.182" classname="org.ow2.authzforce.webapp.test.DomainResourceTestWithoutAutoSyncOrVersionRolling"/>
  <testcase name="requestPDPWithMDP" time="0.033" classname="org.ow2.authzforce.webapp.test.DomainResourceTestWithoutAutoSyncOrVersionRolling"/>
  <testcase name="setRootPolicyWithBadFunctionId" time="0.019" classname="org.ow2.authzforce.webapp.test.DomainResourceTestWithoutAutoSyncOrVersionRolling"/>
  <testcase name="setRootPolicyWithTooDeepPolicyRef" time="1.065" classname="org.ow2.authzforce.webapp.test.DomainResourceTestWithoutAutoSyncOrVersionRolling"/>
</testsuite> <!-- Test_PDPOnly:No.FastInfoset:Yes.JSON:No.AutoSync:No.VersionRolling:No.DoSMitigation:No -->
