<?xml version="1.0" encoding="UTF-8"?>
<!-- Generated by org.testng.reporters.JUnitXMLReporter -->
<testsuite hostname="5c4418bab43b" name="Test_PDPOnly:No.FastInfoset:No.JSON:No.AutoSync:No.VersionRolling:No.DoSMitigation:Yes" tests="74" failures="0" timestamp="20 Oct 2020 10:04:31 GMT" time="17.831" errors="0">
  <testcase name="getWADL" time="0.066" classname="org.ow2.authzforce.webapp.test.RootResourcesTest"/>
  <testcase name="getDomainsWithoutAcceptHeader" time="0.038" classname="org.ow2.authzforce.webapp.test.RootResourcesTest"/>
  <testcase name="getDomainsWithBadAcceptHeader" time="0.014" classname="org.ow2.authzforce.webapp.test.RootResourcesTest"/>
  <testcase name="addAndGetDomain" time="0.056" classname="org.ow2.authzforce.webapp.test.RootResourcesTest"/>
  <testcase name="addAndGetDomain" time="0.061" classname="org.ow2.authzforce.webapp.test.RootResourcesTest"/>
  <testcase name="addAndGetDomain" time="0.065" classname="org.ow2.authzforce.webapp.test.RootResourcesTest"/>
  <testcase name="addDomainWithTooBigDescription" time="0.046" classname="org.ow2.authzforce.webapp.test.RootResourcesTest"/>
  <testcase name="addDomainWithTooBigExternalId" time="0.017" classname="org.ow2.authzforce.webapp.test.RootResourcesTest"/>
  <testcase name="getDomains" time="0.026" classname="org.ow2.authzforce.webapp.test.RootResourcesTest"/>
  <testcase name="getDomain" time="0.02" classname="org.ow2.authzforce.webapp.test.RootResourcesTest"/>
  <testcase name="getDomainByExternalId" time="0.019" classname="org.ow2.authzforce.webapp.test.RootResourcesTest"/>
  <testcase name="deleteDomain" time="0.025" classname="org.ow2.authzforce.webapp.test.RootResourcesTest"/>
  <testcase name="getDomainsAfterFileModifications" time="0.068" classname="org.ow2.authzforce.webapp.test.RootResourcesTest"/>
  <testcase name="deleteDomainAfterDirectoryDeleted" time="0.017" classname="org.ow2.authzforce.webapp.test.RootResourcesTest"/>
  <testcase name="getPdpAfterDomainDirCreated" time="0.048" classname="org.ow2.authzforce.webapp.test.RootResourcesTest"/>
  <testcase name="getDomain" time="0.01" classname="org.ow2.authzforce.webapp.test.DomainResourceTestWithoutAutoSyncOrVersionRolling"/>
  <testcase name="getDomainProperties" time="0.008" classname="org.ow2.authzforce.webapp.test.DomainResourceTestWithoutAutoSyncOrVersionRolling"/>
  <testcase name="requestPDPDumb" time="0.008" classname="org.ow2.authzforce.webapp.test.DomainResourceTestWithoutAutoSyncOrVersionRolling"/>
  <testcase name="getDomainPropertiesAfterFileModification" time="1.037" classname="org.ow2.authzforce.webapp.test.DomainResourceTestWithoutAutoSyncOrVersionRolling"/>
  <testcase name="getPap" time="0.011" classname="org.ow2.authzforce.webapp.test.DomainResourceTestWithoutAutoSyncOrVersionRolling"/>
  <testcase name="headDomainPropertiesAfterFileModification" time="1.05" classname="org.ow2.authzforce.webapp.test.DomainResourceTestWithoutAutoSyncOrVersionRolling"/>
  <testcase name="requestXacmlJsonPDPDumb" time="0.0" classname="org.ow2.authzforce.webapp.test.DomainResourceTestWithoutAutoSyncOrVersionRolling"/>
  <testcase name="updateDomainProperties" time="0.064" classname="org.ow2.authzforce.webapp.test.DomainResourceTestWithoutAutoSyncOrVersionRolling"/>
  <testcase name="getAttributeProviders" time="0.014" classname="org.ow2.authzforce.webapp.test.DomainResourceTestWithoutAutoSyncOrVersionRolling"/>
  <testcase name="getPolicies" time="0.006" classname="org.ow2.authzforce.webapp.test.DomainResourceTestWithoutAutoSyncOrVersionRolling"/>
  <testcase name="getRootPolicy" time="0.019" classname="org.ow2.authzforce.webapp.test.DomainResourceTestWithoutAutoSyncOrVersionRolling"/>
  <testcase name="updateAttributeProviders" time="0.031" classname="org.ow2.authzforce.webapp.test.DomainResourceTestWithoutAutoSyncOrVersionRolling"/>
  <testcase name="addAndGetPolicy" time="0.069" classname="org.ow2.authzforce.webapp.test.DomainResourceTestWithoutAutoSyncOrVersionRolling"/>
  <testcase name="addConflictingPolicyVersion" time="0.029" classname="org.ow2.authzforce.webapp.test.DomainResourceTestWithoutAutoSyncOrVersionRolling"/>
  <testcase name="addInvalidPolicyType" time="0.137" classname="org.ow2.authzforce.webapp.test.DomainResourceTestWithoutAutoSyncOrVersionRolling"/>
  <testcase name="addInvalidPolicyVersion" time="0.009" classname="org.ow2.authzforce.webapp.test.DomainResourceTestWithoutAutoSyncOrVersionRolling"/>
  <testcase name="addPolicyTooDeep" time="0.022" classname="org.ow2.authzforce.webapp.test.DomainResourceTestWithoutAutoSyncOrVersionRolling"/>
  <testcase name="addPolicyWithTooManyChildElements" time="0.027" classname="org.ow2.authzforce.webapp.test.DomainResourceTestWithoutAutoSyncOrVersionRolling"/>
  <testcase name="addTooManyPolicies" time="0.125" classname="org.ow2.authzforce.webapp.test.DomainResourceTestWithoutAutoSyncOrVersionRolling"/>
  <testcase name="deleteAndTryGetUnusedPolicy" time="0.103" classname="org.ow2.authzforce.webapp.test.DomainResourceTestWithoutAutoSyncOrVersionRolling"/>
  <testcase name="disablePolicyVersionRolling" time="0.02" classname="org.ow2.authzforce.webapp.test.DomainResourceTestWithoutAutoSyncOrVersionRolling"/>
  <testcase name="getPolicyVersions" time="0.071" classname="org.ow2.authzforce.webapp.test.DomainResourceTestWithoutAutoSyncOrVersionRolling"/>
  <testcase name="setValidMaxPolicyCount" time="0.062" classname="org.ow2.authzforce.webapp.test.DomainResourceTestWithoutAutoSyncOrVersionRolling"/>
  <testcase name="addTooManyPolicyVersions" time="0.15" classname="org.ow2.authzforce.webapp.test.DomainResourceTestWithoutAutoSyncOrVersionRolling"/>
  <testcase name="deleteAndTryGetPolicyVersion" time="0.095" classname="org.ow2.authzforce.webapp.test.DomainResourceTestWithoutAutoSyncOrVersionRolling"/>
  <testcase name="deleteRootPolicy" time="0.042" classname="org.ow2.authzforce.webapp.test.DomainResourceTestWithoutAutoSyncOrVersionRolling"/>
  <testcase name="getAndDeleteLatestPolicyVersion" time="0.1" classname="org.ow2.authzforce.webapp.test.DomainResourceTestWithoutAutoSyncOrVersionRolling"/>
  <testcase name="setTooSmallMaxPolicyCount" time="0.12" classname="org.ow2.authzforce.webapp.test.DomainResourceTestWithoutAutoSyncOrVersionRolling"/>
  <testcase name="setValidMaxPolicyVersionCount" time="0.073" classname="org.ow2.authzforce.webapp.test.DomainResourceTestWithoutAutoSyncOrVersionRolling"/>
  <testcase name="deleteSingleVersionOfPolicy" time="0.037" classname="org.ow2.authzforce.webapp.test.DomainResourceTestWithoutAutoSyncOrVersionRolling"/>
  <testcase name="setTooSmallMaxPolicyVersionCount" time="0.143" classname="org.ow2.authzforce.webapp.test.DomainResourceTestWithoutAutoSyncOrVersionRolling"/>
  <testcase name="updateRootPolicyRefToValidPolicy" time="0.068" classname="org.ow2.authzforce.webapp.test.DomainResourceTestWithoutAutoSyncOrVersionRolling"/>
  <testcase name="setRootPolicyWithGoodRefs" time="0.145" classname="org.ow2.authzforce.webapp.test.DomainResourceTestWithoutAutoSyncOrVersionRolling"/>
  <testcase name="updateRootPolicyRefToMissingPolicy" time="0.038" classname="org.ow2.authzforce.webapp.test.DomainResourceTestWithoutAutoSyncOrVersionRolling"/>
  <testcase name="updateRootPolicyRefToValidVersion" time="0.147" classname="org.ow2.authzforce.webapp.test.DomainResourceTestWithoutAutoSyncOrVersionRolling"/>
  <testcase name="enableMDPRequestPreproc" time="0.048" classname="org.ow2.authzforce.webapp.test.DomainResourceTestWithoutAutoSyncOrVersionRolling"/>
  <testcase name="enableMDPResultPostproc" time="0.049" classname="org.ow2.authzforce.webapp.test.DomainResourceTestWithoutAutoSyncOrVersionRolling"/>
  <testcase name="enableThenDisableCustomCombiningAlgorithm" time="0.129" classname="org.ow2.authzforce.webapp.test.DomainResourceTestWithoutAutoSyncOrVersionRolling"/>
  <testcase name="enableThenDisableCustomDatatype" time="0.118" classname="org.ow2.authzforce.webapp.test.DomainResourceTestWithoutAutoSyncOrVersionRolling"/>
  <testcase name="enableThenDisableCustomFunction" time="0.143" classname="org.ow2.authzforce.webapp.test.DomainResourceTestWithoutAutoSyncOrVersionRolling"/>
  <testcase name="enableThenDisableStrictAttributeIssuerMatch" time="0.169" classname="org.ow2.authzforce.webapp.test.DomainResourceTestWithoutAutoSyncOrVersionRolling"/>
  <testcase name="enableThenDisableXPath" time="0.097" classname="org.ow2.authzforce.webapp.test.DomainResourceTestWithoutAutoSyncOrVersionRolling"/>
  <testcase name="getPdpPropertiesAfterModifyingUsedPolicyDirectory" time="2.363" classname="org.ow2.authzforce.webapp.test.DomainResourceTestWithoutAutoSyncOrVersionRolling"/>
  <testcase name="getPoliciesAfterModifyingUsedPolicyDirectory" time="2.267" classname="org.ow2.authzforce.webapp.test.DomainResourceTestWithoutAutoSyncOrVersionRolling"/>
  <testcase name="getRootPolicyRefAfterChangingPdpConfFile" time="1.116" classname="org.ow2.authzforce.webapp.test.DomainResourceTestWithoutAutoSyncOrVersionRolling"/>
  <testcase name="headRootPolicyRefAfterChangingPdpConfFile" time="1.052" classname="org.ow2.authzforce.webapp.test.DomainResourceTestWithoutAutoSyncOrVersionRolling"/>
  <testcase name="requestPDPWithoutMDP" time="0.141" classname="org.ow2.authzforce.webapp.test.DomainResourceTestWithoutAutoSyncOrVersionRolling"/>
  <testcase name="requestPDPWithoutMDP" time="0.08" classname="org.ow2.authzforce.webapp.test.DomainResourceTestWithoutAutoSyncOrVersionRolling"/>
  <testcase name="requestPDPWithoutMDP" time="0.071" classname="org.ow2.authzforce.webapp.test.DomainResourceTestWithoutAutoSyncOrVersionRolling"/>
  <testcase name="requestPDPWithoutMDP" time="0.074" classname="org.ow2.authzforce.webapp.test.DomainResourceTestWithoutAutoSyncOrVersionRolling"/>
  <testcase name="setRootPolicyWithCircularRef" time="0.124" classname="org.ow2.authzforce.webapp.test.DomainResourceTestWithoutAutoSyncOrVersionRolling"/>
  <testcase name="setRootPolicyWithRefToMissingPolicy" time="0.085" classname="org.ow2.authzforce.webapp.test.DomainResourceTestWithoutAutoSyncOrVersionRolling"/>
  <testcase name="updateRootPolicyRefToMissingVersion" time="0.023" classname="org.ow2.authzforce.webapp.test.DomainResourceTestWithoutAutoSyncOrVersionRolling"/>
  <testcase name="disableMDPRequestPreproc" time="0.025" classname="org.ow2.authzforce.webapp.test.DomainResourceTestWithoutAutoSyncOrVersionRolling"/>
  <testcase name="disableMDPResultPostproc" time="0.029" classname="org.ow2.authzforce.webapp.test.DomainResourceTestWithoutAutoSyncOrVersionRolling"/>
  <testcase name="headPdpPropertiesAfterModifyingUsedPolicyDirectory" time="2.362" classname="org.ow2.authzforce.webapp.test.DomainResourceTestWithoutAutoSyncOrVersionRolling"/>
  <testcase name="requestPDPWithMDP" time="0.146" classname="org.ow2.authzforce.webapp.test.DomainResourceTestWithoutAutoSyncOrVersionRolling"/>
  <testcase name="setRootPolicyWithBadFunctionId" time="0.067" classname="org.ow2.authzforce.webapp.test.DomainResourceTestWithoutAutoSyncOrVersionRolling"/>
  <testcase name="setRootPolicyWithTooDeepPolicyRef" time="1.099" classname="org.ow2.authzforce.webapp.test.DomainResourceTestWithoutAutoSyncOrVersionRolling"/>
</testsuite> <!-- Test_PDPOnly:No.FastInfoset:No.JSON:No.AutoSync:No.VersionRolling:No.DoSMitigation:Yes -->
