<?xml version="1.0" encoding="UTF-8"?>
<!-- Generated by org.testng.reporters.JUnitXMLReporter -->
<testsuite hostname="5c4418bab43b" name="Test_AdminPolicy" tests="10" failures="0" timestamp="20 Oct 2020 10:06:25 GMT" time="0.571" errors="0">
  <testcase name="setRootPolicy" time="0.04" classname="org.ow2.authzforce.webapp.test.AdminDomainTest"/>
  <testcase name="requestPDP" time="0.008" classname="org.ow2.authzforce.webapp.test.AdminDomainTest"/>
  <testcase name="requestPDP" time="0.005" classname="org.ow2.authzforce.webapp.test.AdminDomainTest"/>
  <testcase name="requestPDP" time="0.005" classname="org.ow2.authzforce.webapp.test.AdminDomainTest"/>
  <testcase name="requestPDP" time="0.006" classname="org.ow2.authzforce.webapp.test.AdminDomainTest"/>
  <testcase name="requestPDP" time="0.005" classname="org.ow2.authzforce.webapp.test.AdminDomainTest"/>
  <testcase name="requestPDP" time="0.01" classname="org.ow2.authzforce.webapp.test.AdminDomainTest"/>
  <testcase name="requestPDP" time="0.008" classname="org.ow2.authzforce.webapp.test.AdminDomainTest"/>
  <testcase name="requestPDP" time="0.005" classname="org.ow2.authzforce.webapp.test.AdminDomainTest"/>
  <testcase name="requestPDP" time="0.005" classname="org.ow2.authzforce.webapp.test.AdminDomainTest"/>
</testsuite> <!-- Test_AdminPolicy -->
