<?xml version="1.0" encoding="UTF-8"?>
<!-- Generated by org.testng.reporters.JUnitXMLReporter -->
<testsuite hostname="5c4418bab43b" name="Test_PDPOnly:No.FastInfoset:No.JSON:No.AutoSync:Yes.VersionRolling:Yes" tests="6" failures="0" timestamp="20 Oct 2020 10:06:24 GMT" time="30.906" errors="0">
  <testcase name="enablePolicyVersionRolling" time="0.02" classname="org.ow2.authzforce.webapp.test.DomainResourceTestWithAutoSyncAndVersionRolling"/>
  <testcase name="syncExternalIdAfterDomainPropertiesFileChanged" time="3.98" classname="org.ow2.authzforce.webapp.test.DomainResourceTestWithAutoSyncAndVersionRolling"/>
  <testcase name="addTooManyPolicyVersions" time="0.097" classname="org.ow2.authzforce.webapp.test.DomainResourceTestWithAutoSyncAndVersionRolling"/>
  <testcase name="syncPdpAfterConfFileChanged" time="5.069" classname="org.ow2.authzforce.webapp.test.DomainResourceTestWithAutoSyncAndVersionRolling"/>
  <testcase name="syncPdpAfterUsedPolicyDirectoryChanged" time="10.094" classname="org.ow2.authzforce.webapp.test.DomainResourceTestWithAutoSyncAndVersionRolling"/>
  <testcase name="syncToRemoveDomainFromAPIAfterDirectorydeleted" time="10.77" classname="org.ow2.authzforce.webapp.test.DomainResourceTestWithAutoSyncAndVersionRolling"/>
</testsuite> <!-- Test_PDPOnly:No.FastInfoset:No.JSON:No.AutoSync:Yes.VersionRolling:Yes -->
