<?xml version="1.0" encoding="UTF-8"?>
<!-- Generated by org.testng.reporters.JUnitXMLReporter -->
<testsuite hostname="5c4418bab43b" name="Test_PDPOnly:Yes.FastInfoset:No.JSON:No.AutoSync:No.VersionRolling:No" tests="19" failures="0" timestamp="20 Oct 2020 10:04:13 GMT" time="7.105" errors="0">
  <testcase name="getWADL" time="0.945" classname="org.ow2.authzforce.webapp.test.RootResourcesTest"/>
  <testcase name="addAndGetDomain" time="0.209" classname="org.ow2.authzforce.webapp.test.RootResourcesTest"/>
  <testcase name="addAndGetDomain" time="0.045" classname="org.ow2.authzforce.webapp.test.RootResourcesTest"/>
  <testcase name="addAndGetDomain" time="0.013" classname="org.ow2.authzforce.webapp.test.RootResourcesTest"/>
  <testcase name="getDomains" time="0.013" classname="org.ow2.authzforce.webapp.test.RootResourcesTest"/>
  <testcase name="getDomain" time="0.591" classname="org.ow2.authzforce.webapp.test.RootResourcesTest"/>
  <testcase name="getDomainByExternalId" time="0.005" classname="org.ow2.authzforce.webapp.test.RootResourcesTest"/>
  <testcase name="deleteDomain" time="0.005" classname="org.ow2.authzforce.webapp.test.RootResourcesTest"/>
  <testcase name="getDomainProperties" time="0.027" classname="org.ow2.authzforce.webapp.test.DomainResourceTestWithoutAutoSyncOrVersionRolling"/>
  <testcase name="getDomain" time="0.005" classname="org.ow2.authzforce.webapp.test.DomainResourceTestWithoutAutoSyncOrVersionRolling"/>
  <testcase name="requestPDPDumb" time="0.037" classname="org.ow2.authzforce.webapp.test.DomainResourceTestWithoutAutoSyncOrVersionRolling"/>
  <testcase name="updateDomainProperties" time="0.006" classname="org.ow2.authzforce.webapp.test.DomainResourceTestWithoutAutoSyncOrVersionRolling"/>
  <testcase name="getPap" time="0.006" classname="org.ow2.authzforce.webapp.test.DomainResourceTestWithoutAutoSyncOrVersionRolling"/>
  <testcase name="getAttributeProviders" time="0.007" classname="org.ow2.authzforce.webapp.test.DomainResourceTestWithoutAutoSyncOrVersionRolling"/>
  <testcase name="getPolicies" time="0.011" classname="org.ow2.authzforce.webapp.test.DomainResourceTestWithoutAutoSyncOrVersionRolling"/>
  <testcase name="updateAttributeProviders" time="0.012" classname="org.ow2.authzforce.webapp.test.DomainResourceTestWithoutAutoSyncOrVersionRolling"/>
  <testcase name="getRootPolicy" time="0.008" classname="org.ow2.authzforce.webapp.test.DomainResourceTestWithoutAutoSyncOrVersionRolling"/>
  <testcase name="addAndGetPolicy" time="0.009" classname="org.ow2.authzforce.webapp.test.DomainResourceTestWithoutAutoSyncOrVersionRolling"/>
  <testcase name="disablePolicyVersionRolling" time="0.01" classname="org.ow2.authzforce.webapp.test.DomainResourceTestWithoutAutoSyncOrVersionRolling"/>
</testsuite> <!-- Test_PDPOnly:Yes.FastInfoset:No.JSON:No.AutoSync:No.VersionRolling:No -->
