<?xml version="1.0" encoding="UTF-8"?>
<!-- Generated by org.testng.reporters.JUnitXMLReporter -->
<testsuite hostname="5c4418bab43b" name="Test_PDPOnly:No.FastInfoset:No.JSON:Yes.AutoSync:No.VersionRolling:No.DoSMitigation:No" tests="57" failures="0" timestamp="20 Oct 2020 10:05:53 GMT" time="16.331" errors="0">
  <testcase name="getDomain" time="0.007" classname="org.ow2.authzforce.webapp.test.DomainResourceTestWithoutAutoSyncOrVersionRolling"/>
  <testcase name="getDomainProperties" time="0.009" classname="org.ow2.authzforce.webapp.test.DomainResourceTestWithoutAutoSyncOrVersionRolling"/>
  <testcase name="requestPDPDumb" time="0.013" classname="org.ow2.authzforce.webapp.test.DomainResourceTestWithoutAutoSyncOrVersionRolling"/>
  <testcase name="getDomainPropertiesAfterFileModification" time="1.073" classname="org.ow2.authzforce.webapp.test.DomainResourceTestWithoutAutoSyncOrVersionRolling"/>
  <testcase name="getPap" time="0.01" classname="org.ow2.authzforce.webapp.test.DomainResourceTestWithoutAutoSyncOrVersionRolling"/>
  <testcase name="headDomainPropertiesAfterFileModification" time="1.018" classname="org.ow2.authzforce.webapp.test.DomainResourceTestWithoutAutoSyncOrVersionRolling"/>
  <testcase name="requestXacmlJsonPDPDumb" time="0.074" classname="org.ow2.authzforce.webapp.test.DomainResourceTestWithoutAutoSyncOrVersionRolling"/>
  <testcase name="updateDomainProperties" time="0.015" classname="org.ow2.authzforce.webapp.test.DomainResourceTestWithoutAutoSyncOrVersionRolling"/>
  <testcase name="getAttributeProviders" time="0.004" classname="org.ow2.authzforce.webapp.test.DomainResourceTestWithoutAutoSyncOrVersionRolling"/>
  <testcase name="getPolicies" time="0.005" classname="org.ow2.authzforce.webapp.test.DomainResourceTestWithoutAutoSyncOrVersionRolling"/>
  <testcase name="getRootPolicy" time="0.007" classname="org.ow2.authzforce.webapp.test.DomainResourceTestWithoutAutoSyncOrVersionRolling"/>
  <testcase name="updateAttributeProviders" time="0.016" classname="org.ow2.authzforce.webapp.test.DomainResourceTestWithoutAutoSyncOrVersionRolling"/>
  <testcase name="addAndGetPolicy" time="0.057" classname="org.ow2.authzforce.webapp.test.DomainResourceTestWithoutAutoSyncOrVersionRolling"/>
  <testcase name="addConflictingPolicyVersion" time="0.02" classname="org.ow2.authzforce.webapp.test.DomainResourceTestWithoutAutoSyncOrVersionRolling"/>
  <testcase name="addInvalidPolicyType" time="0.112" classname="org.ow2.authzforce.webapp.test.DomainResourceTestWithoutAutoSyncOrVersionRolling"/>
  <testcase name="addInvalidPolicyVersion" time="0.077" classname="org.ow2.authzforce.webapp.test.DomainResourceTestWithoutAutoSyncOrVersionRolling"/>
  <testcase name="addTooManyPolicies" time="0.084" classname="org.ow2.authzforce.webapp.test.DomainResourceTestWithoutAutoSyncOrVersionRolling"/>
  <testcase name="deleteAndTryGetUnusedPolicy" time="0.082" classname="org.ow2.authzforce.webapp.test.DomainResourceTestWithoutAutoSyncOrVersionRolling"/>
  <testcase name="disablePolicyVersionRolling" time="0.018" classname="org.ow2.authzforce.webapp.test.DomainResourceTestWithoutAutoSyncOrVersionRolling"/>
  <testcase name="getPolicyVersions" time="0.087" classname="org.ow2.authzforce.webapp.test.DomainResourceTestWithoutAutoSyncOrVersionRolling"/>
  <testcase name="setValidMaxPolicyCount" time="0.06" classname="org.ow2.authzforce.webapp.test.DomainResourceTestWithoutAutoSyncOrVersionRolling"/>
  <testcase name="addTooManyPolicyVersions" time="0.126" classname="org.ow2.authzforce.webapp.test.DomainResourceTestWithoutAutoSyncOrVersionRolling"/>
  <testcase name="deleteAndTryGetPolicyVersion" time="0.05" classname="org.ow2.authzforce.webapp.test.DomainResourceTestWithoutAutoSyncOrVersionRolling"/>
  <testcase name="deleteRootPolicy" time="0.018" classname="org.ow2.authzforce.webapp.test.DomainResourceTestWithoutAutoSyncOrVersionRolling"/>
  <testcase name="getAndDeleteLatestPolicyVersion" time="0.159" classname="org.ow2.authzforce.webapp.test.DomainResourceTestWithoutAutoSyncOrVersionRolling"/>
  <testcase name="setTooSmallMaxPolicyCount" time="0.113" classname="org.ow2.authzforce.webapp.test.DomainResourceTestWithoutAutoSyncOrVersionRolling"/>
  <testcase name="setValidMaxPolicyVersionCount" time="0.072" classname="org.ow2.authzforce.webapp.test.DomainResourceTestWithoutAutoSyncOrVersionRolling"/>
  <testcase name="deleteSingleVersionOfPolicy" time="0.036" classname="org.ow2.authzforce.webapp.test.DomainResourceTestWithoutAutoSyncOrVersionRolling"/>
  <testcase name="setTooSmallMaxPolicyVersionCount" time="0.195" classname="org.ow2.authzforce.webapp.test.DomainResourceTestWithoutAutoSyncOrVersionRolling"/>
  <testcase name="updateRootPolicyRefToValidPolicy" time="0.068" classname="org.ow2.authzforce.webapp.test.DomainResourceTestWithoutAutoSyncOrVersionRolling"/>
  <testcase name="setRootPolicyWithGoodRefs" time="0.164" classname="org.ow2.authzforce.webapp.test.DomainResourceTestWithoutAutoSyncOrVersionRolling"/>
  <testcase name="updateRootPolicyRefToMissingPolicy" time="0.042" classname="org.ow2.authzforce.webapp.test.DomainResourceTestWithoutAutoSyncOrVersionRolling"/>
  <testcase name="updateRootPolicyRefToValidVersion" time="0.21" classname="org.ow2.authzforce.webapp.test.DomainResourceTestWithoutAutoSyncOrVersionRolling"/>
  <testcase name="enableMDPRequestPreproc" time="0.053" classname="org.ow2.authzforce.webapp.test.DomainResourceTestWithoutAutoSyncOrVersionRolling"/>
  <testcase name="enableMDPResultPostproc" time="0.039" classname="org.ow2.authzforce.webapp.test.DomainResourceTestWithoutAutoSyncOrVersionRolling"/>
  <testcase name="enableThenDisableCustomCombiningAlgorithm" time="0.088" classname="org.ow2.authzforce.webapp.test.DomainResourceTestWithoutAutoSyncOrVersionRolling"/>
  <testcase name="enableThenDisableCustomDatatype" time="0.102" classname="org.ow2.authzforce.webapp.test.DomainResourceTestWithoutAutoSyncOrVersionRolling"/>
  <testcase name="enableThenDisableCustomFunction" time="0.064" classname="org.ow2.authzforce.webapp.test.DomainResourceTestWithoutAutoSyncOrVersionRolling"/>
  <testcase name="enableThenDisableStrictAttributeIssuerMatch" time="0.102" classname="org.ow2.authzforce.webapp.test.DomainResourceTestWithoutAutoSyncOrVersionRolling"/>
  <testcase name="enableThenDisableXPath" time="0.079" classname="org.ow2.authzforce.webapp.test.DomainResourceTestWithoutAutoSyncOrVersionRolling"/>
  <testcase name="getPdpPropertiesAfterModifyingUsedPolicyDirectory" time="2.258" classname="org.ow2.authzforce.webapp.test.DomainResourceTestWithoutAutoSyncOrVersionRolling"/>
  <testcase name="getPoliciesAfterModifyingUsedPolicyDirectory" time="2.264" classname="org.ow2.authzforce.webapp.test.DomainResourceTestWithoutAutoSyncOrVersionRolling"/>
  <testcase name="getRootPolicyRefAfterChangingPdpConfFile" time="1.102" classname="org.ow2.authzforce.webapp.test.DomainResourceTestWithoutAutoSyncOrVersionRolling"/>
  <testcase name="headRootPolicyRefAfterChangingPdpConfFile" time="1.104" classname="org.ow2.authzforce.webapp.test.DomainResourceTestWithoutAutoSyncOrVersionRolling"/>
  <testcase name="requestPDPWithoutMDP" time="0.073" classname="org.ow2.authzforce.webapp.test.DomainResourceTestWithoutAutoSyncOrVersionRolling"/>
  <testcase name="requestPDPWithoutMDP" time="0.108" classname="org.ow2.authzforce.webapp.test.DomainResourceTestWithoutAutoSyncOrVersionRolling"/>
  <testcase name="requestPDPWithoutMDP" time="0.069" classname="org.ow2.authzforce.webapp.test.DomainResourceTestWithoutAutoSyncOrVersionRolling"/>
  <testcase name="requestPDPWithoutMDP" time="0.087" classname="org.ow2.authzforce.webapp.test.DomainResourceTestWithoutAutoSyncOrVersionRolling"/>
  <testcase name="setRootPolicyWithCircularRef" time="0.108" classname="org.ow2.authzforce.webapp.test.DomainResourceTestWithoutAutoSyncOrVersionRolling"/>
  <testcase name="setRootPolicyWithRefToMissingPolicy" time="0.087" classname="org.ow2.authzforce.webapp.test.DomainResourceTestWithoutAutoSyncOrVersionRolling"/>
  <testcase name="updateRootPolicyRefToMissingVersion" time="0.022" classname="org.ow2.authzforce.webapp.test.DomainResourceTestWithoutAutoSyncOrVersionRolling"/>
  <testcase name="disableMDPRequestPreproc" time="0.027" classname="org.ow2.authzforce.webapp.test.DomainResourceTestWithoutAutoSyncOrVersionRolling"/>
  <testcase name="disableMDPResultPostproc" time="0.035" classname="org.ow2.authzforce.webapp.test.DomainResourceTestWithoutAutoSyncOrVersionRolling"/>
  <testcase name="headPdpPropertiesAfterModifyingUsedPolicyDirectory" time="2.178" classname="org.ow2.authzforce.webapp.test.DomainResourceTestWithoutAutoSyncOrVersionRolling"/>
  <testcase name="requestPDPWithMDP" time="0.043" classname="org.ow2.authzforce.webapp.test.DomainResourceTestWithoutAutoSyncOrVersionRolling"/>
  <testcase name="setRootPolicyWithBadFunctionId" time="0.029" classname="org.ow2.authzforce.webapp.test.DomainResourceTestWithoutAutoSyncOrVersionRolling"/>
  <testcase name="setRootPolicyWithTooDeepPolicyRef" time="1.112" classname="org.ow2.authzforce.webapp.test.DomainResourceTestWithoutAutoSyncOrVersionRolling"/>
</testsuite> <!-- Test_PDPOnly:No.FastInfoset:No.JSON:Yes.AutoSync:No.VersionRolling:No.DoSMitigation:No -->
