<?xml version="1.0" encoding="UTF-8"?>
<!-- Generated by org.testng.reporters.JUnitXMLReporter -->
<testsuite hostname="5c4418bab43b" name="Test_PDPOnly:No.FastInfoset:No.JSON:Yes.AutoSync:No.VersionRolling:No.DoSMitigation:Yes" tests="71" failures="0" timestamp="20 Oct 2020 10:05:37 GMT" time="17.986" errors="0">
  <testcase name="getWADL" time="0.063" classname="org.ow2.authzforce.webapp.test.RootResourcesTest"/>
  <testcase name="getDomainsWithoutAcceptHeader" time="0.029" classname="org.ow2.authzforce.webapp.test.RootResourcesTest"/>
  <testcase name="getDomainsWithBadAcceptHeader" time="0.017" classname="org.ow2.authzforce.webapp.test.RootResourcesTest"/>
  <testcase name="addAndGetDomain" time="0.173" classname="org.ow2.authzforce.webapp.test.RootResourcesTest"/>
  <testcase name="addAndGetDomain" time="0.053" classname="org.ow2.authzforce.webapp.test.RootResourcesTest"/>
  <testcase name="addAndGetDomain" time="0.156" classname="org.ow2.authzforce.webapp.test.RootResourcesTest"/>
  <testcase name="addDomainWithTooBigDescription" time="0.011" classname="org.ow2.authzforce.webapp.test.RootResourcesTest"/>
  <testcase name="addDomainWithTooBigExternalId" time="0.018" classname="org.ow2.authzforce.webapp.test.RootResourcesTest"/>
  <testcase name="getDomains" time="0.016" classname="org.ow2.authzforce.webapp.test.RootResourcesTest"/>
  <testcase name="getDomain" time="0.01" classname="org.ow2.authzforce.webapp.test.RootResourcesTest"/>
  <testcase name="getDomainByExternalId" time="0.018" classname="org.ow2.authzforce.webapp.test.RootResourcesTest"/>
  <testcase name="deleteDomain" time="0.019" classname="org.ow2.authzforce.webapp.test.RootResourcesTest"/>
  <testcase name="getDomain" time="0.009" classname="org.ow2.authzforce.webapp.test.DomainResourceTestWithoutAutoSyncOrVersionRolling"/>
  <testcase name="getDomainProperties" time="0.009" classname="org.ow2.authzforce.webapp.test.DomainResourceTestWithoutAutoSyncOrVersionRolling"/>
  <testcase name="requestPDPDumb" time="0.016" classname="org.ow2.authzforce.webapp.test.DomainResourceTestWithoutAutoSyncOrVersionRolling"/>
  <testcase name="getDomainPropertiesAfterFileModification" time="1.076" classname="org.ow2.authzforce.webapp.test.DomainResourceTestWithoutAutoSyncOrVersionRolling"/>
  <testcase name="getPap" time="0.02" classname="org.ow2.authzforce.webapp.test.DomainResourceTestWithoutAutoSyncOrVersionRolling"/>
  <testcase name="headDomainPropertiesAfterFileModification" time="1.027" classname="org.ow2.authzforce.webapp.test.DomainResourceTestWithoutAutoSyncOrVersionRolling"/>
  <testcase name="requestXacmlJsonPDPDumb" time="0.274" classname="org.ow2.authzforce.webapp.test.DomainResourceTestWithoutAutoSyncOrVersionRolling"/>
  <testcase name="updateDomainProperties" time="0.025" classname="org.ow2.authzforce.webapp.test.DomainResourceTestWithoutAutoSyncOrVersionRolling"/>
  <testcase name="getAttributeProviders" time="0.006" classname="org.ow2.authzforce.webapp.test.DomainResourceTestWithoutAutoSyncOrVersionRolling"/>
  <testcase name="getPolicies" time="0.003" classname="org.ow2.authzforce.webapp.test.DomainResourceTestWithoutAutoSyncOrVersionRolling"/>
  <testcase name="getRootPolicy" time="0.013" classname="org.ow2.authzforce.webapp.test.DomainResourceTestWithoutAutoSyncOrVersionRolling"/>
  <testcase name="updateAttributeProviders" time="0.024" classname="org.ow2.authzforce.webapp.test.DomainResourceTestWithoutAutoSyncOrVersionRolling"/>
  <testcase name="addAndGetPolicy" time="0.119" classname="org.ow2.authzforce.webapp.test.DomainResourceTestWithoutAutoSyncOrVersionRolling"/>
  <testcase name="addConflictingPolicyVersion" time="0.055" classname="org.ow2.authzforce.webapp.test.DomainResourceTestWithoutAutoSyncOrVersionRolling"/>
  <testcase name="addInvalidPolicyType" time="0.148" classname="org.ow2.authzforce.webapp.test.DomainResourceTestWithoutAutoSyncOrVersionRolling"/>
  <testcase name="addInvalidPolicyVersion" time="0.092" classname="org.ow2.authzforce.webapp.test.DomainResourceTestWithoutAutoSyncOrVersionRolling"/>
  <testcase name="addPolicyTooDeep" time="0.011" classname="org.ow2.authzforce.webapp.test.DomainResourceTestWithoutAutoSyncOrVersionRolling"/>
  <testcase name="addPolicyWithTooManyChildElements" time="0.016" classname="org.ow2.authzforce.webapp.test.DomainResourceTestWithoutAutoSyncOrVersionRolling"/>
  <testcase name="addTooManyPolicies" time="0.13" classname="org.ow2.authzforce.webapp.test.DomainResourceTestWithoutAutoSyncOrVersionRolling"/>
  <testcase name="deleteAndTryGetUnusedPolicy" time="0.134" classname="org.ow2.authzforce.webapp.test.DomainResourceTestWithoutAutoSyncOrVersionRolling"/>
  <testcase name="disablePolicyVersionRolling" time="0.024" classname="org.ow2.authzforce.webapp.test.DomainResourceTestWithoutAutoSyncOrVersionRolling"/>
  <testcase name="getPolicyVersions" time="0.083" classname="org.ow2.authzforce.webapp.test.DomainResourceTestWithoutAutoSyncOrVersionRolling"/>
  <testcase name="setValidMaxPolicyCount" time="0.105" classname="org.ow2.authzforce.webapp.test.DomainResourceTestWithoutAutoSyncOrVersionRolling"/>
  <testcase name="addTooManyPolicyVersions" time="0.203" classname="org.ow2.authzforce.webapp.test.DomainResourceTestWithoutAutoSyncOrVersionRolling"/>
  <testcase name="deleteAndTryGetPolicyVersion" time="0.105" classname="org.ow2.authzforce.webapp.test.DomainResourceTestWithoutAutoSyncOrVersionRolling"/>
  <testcase name="deleteRootPolicy" time="0.035" classname="org.ow2.authzforce.webapp.test.DomainResourceTestWithoutAutoSyncOrVersionRolling"/>
  <testcase name="getAndDeleteLatestPolicyVersion" time="0.13" classname="org.ow2.authzforce.webapp.test.DomainResourceTestWithoutAutoSyncOrVersionRolling"/>
  <testcase name="setTooSmallMaxPolicyCount" time="0.187" classname="org.ow2.authzforce.webapp.test.DomainResourceTestWithoutAutoSyncOrVersionRolling"/>
  <testcase name="setValidMaxPolicyVersionCount" time="0.112" classname="org.ow2.authzforce.webapp.test.DomainResourceTestWithoutAutoSyncOrVersionRolling"/>
  <testcase name="deleteSingleVersionOfPolicy" time="0.092" classname="org.ow2.authzforce.webapp.test.DomainResourceTestWithoutAutoSyncOrVersionRolling"/>
  <testcase name="setTooSmallMaxPolicyVersionCount" time="0.196" classname="org.ow2.authzforce.webapp.test.DomainResourceTestWithoutAutoSyncOrVersionRolling"/>
  <testcase name="updateRootPolicyRefToValidPolicy" time="0.096" classname="org.ow2.authzforce.webapp.test.DomainResourceTestWithoutAutoSyncOrVersionRolling"/>
  <testcase name="setRootPolicyWithGoodRefs" time="0.204" classname="org.ow2.authzforce.webapp.test.DomainResourceTestWithoutAutoSyncOrVersionRolling"/>
  <testcase name="updateRootPolicyRefToMissingPolicy" time="0.03" classname="org.ow2.authzforce.webapp.test.DomainResourceTestWithoutAutoSyncOrVersionRolling"/>
  <testcase name="updateRootPolicyRefToValidVersion" time="0.224" classname="org.ow2.authzforce.webapp.test.DomainResourceTestWithoutAutoSyncOrVersionRolling"/>
  <testcase name="enableMDPRequestPreproc" time="0.068" classname="org.ow2.authzforce.webapp.test.DomainResourceTestWithoutAutoSyncOrVersionRolling"/>
  <testcase name="enableMDPResultPostproc" time="0.051" classname="org.ow2.authzforce.webapp.test.DomainResourceTestWithoutAutoSyncOrVersionRolling"/>
  <testcase name="enableThenDisableCustomCombiningAlgorithm" time="0.068" classname="org.ow2.authzforce.webapp.test.DomainResourceTestWithoutAutoSyncOrVersionRolling"/>
  <testcase name="enableThenDisableCustomDatatype" time="0.058" classname="org.ow2.authzforce.webapp.test.DomainResourceTestWithoutAutoSyncOrVersionRolling"/>
  <testcase name="enableThenDisableCustomFunction" time="0.057" classname="org.ow2.authzforce.webapp.test.DomainResourceTestWithoutAutoSyncOrVersionRolling"/>
  <testcase name="enableThenDisableStrictAttributeIssuerMatch" time="0.083" classname="org.ow2.authzforce.webapp.test.DomainResourceTestWithoutAutoSyncOrVersionRolling"/>
  <testcase name="enableThenDisableXPath" time="0.056" classname="org.ow2.authzforce.webapp.test.DomainResourceTestWithoutAutoSyncOrVersionRolling"/>
  <testcase name="getPdpPropertiesAfterModifyingUsedPolicyDirectory" time="2.201" classname="org.ow2.authzforce.webapp.test.DomainResourceTestWithoutAutoSyncOrVersionRolling"/>
  <testcase name="getPoliciesAfterModifyingUsedPolicyDirectory" time="2.372" classname="org.ow2.authzforce.webapp.test.DomainResourceTestWithoutAutoSyncOrVersionRolling"/>
  <testcase name="getRootPolicyRefAfterChangingPdpConfFile" time="1.136" classname="org.ow2.authzforce.webapp.test.DomainResourceTestWithoutAutoSyncOrVersionRolling"/>
  <testcase name="headRootPolicyRefAfterChangingPdpConfFile" time="1.076" classname="org.ow2.authzforce.webapp.test.DomainResourceTestWithoutAutoSyncOrVersionRolling"/>
  <testcase name="requestPDPWithoutMDP" time="0.1" classname="org.ow2.authzforce.webapp.test.DomainResourceTestWithoutAutoSyncOrVersionRolling"/>
  <testcase name="requestPDPWithoutMDP" time="0.116" classname="org.ow2.authzforce.webapp.test.DomainResourceTestWithoutAutoSyncOrVersionRolling"/>
  <testcase name="requestPDPWithoutMDP" time="0.092" classname="org.ow2.authzforce.webapp.test.DomainResourceTestWithoutAutoSyncOrVersionRolling"/>
  <testcase name="requestPDPWithoutMDP" time="0.115" classname="org.ow2.authzforce.webapp.test.DomainResourceTestWithoutAutoSyncOrVersionRolling"/>
  <testcase name="setRootPolicyWithCircularRef" time="0.142" classname="org.ow2.authzforce.webapp.test.DomainResourceTestWithoutAutoSyncOrVersionRolling"/>
  <testcase name="setRootPolicyWithRefToMissingPolicy" time="0.119" classname="org.ow2.authzforce.webapp.test.DomainResourceTestWithoutAutoSyncOrVersionRolling"/>
  <testcase name="updateRootPolicyRefToMissingVersion" time="0.03" classname="org.ow2.authzforce.webapp.test.DomainResourceTestWithoutAutoSyncOrVersionRolling"/>
  <testcase name="disableMDPRequestPreproc" time="0.042" classname="org.ow2.authzforce.webapp.test.DomainResourceTestWithoutAutoSyncOrVersionRolling"/>
  <testcase name="disableMDPResultPostproc" time="0.034" classname="org.ow2.authzforce.webapp.test.DomainResourceTestWithoutAutoSyncOrVersionRolling"/>
  <testcase name="headPdpPropertiesAfterModifyingUsedPolicyDirectory" time="2.19" classname="org.ow2.authzforce.webapp.test.DomainResourceTestWithoutAutoSyncOrVersionRolling"/>
  <testcase name="requestPDPWithMDP" time="0.066" classname="org.ow2.authzforce.webapp.test.DomainResourceTestWithoutAutoSyncOrVersionRolling"/>
  <testcase name="setRootPolicyWithBadFunctionId" time="0.05" classname="org.ow2.authzforce.webapp.test.DomainResourceTestWithoutAutoSyncOrVersionRolling"/>
  <testcase name="setRootPolicyWithTooDeepPolicyRef" time="1.115" classname="org.ow2.authzforce.webapp.test.DomainResourceTestWithoutAutoSyncOrVersionRolling"/>
</testsuite> <!-- Test_PDPOnly:No.FastInfoset:No.JSON:Yes.AutoSync:No.VersionRolling:No.DoSMitigation:Yes -->
